Using pre-set license
Built from '2020.3/staging' branch; Version is '2020.3.10f1 (297d780c91bc) revision 2719096'; Using compiler version '192528614'; Build Type 'Release'
OS: 'Windows 10 Home Single Language; OS build 19042.928; Version 2009; 64bit' Language: 'ru' Physical Memory: 8049 MB
BatchMode: 1, IsHumanControllingUs: 0, StartBugReporterOnCrash: 0, Is64bit: 1, IsPro: 0

 COMMAND LINE ARGUMENTS:
C:\Program Files\Unity\Hub\Editor\2020.3.10f1\Editor\Unity.exe
-adb2
-batchMode
-noUpm
-name
AssetImportWorker0
-projectPath
C:/Users/Лев/Desktop/Cubes2048
-logFile
Logs/AssetImportWorker0.log
-srvPort
59222
Successfully changed project path to: C:/Users/Лев/Desktop/Cubes2048
C:/Users/Лев/Desktop/Cubes2048
Using Asset Import Pipeline V2.
Refreshing native plugins compatible for Editor in 124.67 ms, found 2 plugins.
Preloading 0 native plugins for Editor in 0.00 ms.
Initialize engine version: 2020.3.10f1 (297d780c91bc)
[Subsystems] Discovering subsystems at path C:/Program Files/Unity/Hub/Editor/2020.3.10f1/Editor/Data/Resources/UnitySubsystems
[Subsystems] Discovering subsystems at path C:/Users/Лев/Desktop/Cubes2048/Assets
GfxDevice: creating device client; threaded=0
Direct3D:
    Version:  Direct3D 11.0 [level 11.1]
    Renderer: Intel(R) UHD Graphics 620 (ID=0x5917)
    Vendor:   
    VRAM:     4024 MB
    Driver:   27.20.100.8477
Initialize mono
Mono path[0] = 'C:/Program Files/Unity/Hub/Editor/2020.3.10f1/Editor/Data/Managed'
Mono path[1] = 'C:/Program Files/Unity/Hub/Editor/2020.3.10f1/Editor/Data/MonoBleedingEdge/lib/mono/unityjit'
Mono config path = 'C:/Program Files/Unity/Hub/Editor/2020.3.10f1/Editor/Data/MonoBleedingEdge/etc'
Using monoOptions --debugger-agent=transport=dt_socket,embedding=1,server=y,suspend=n,address=127.0.0.1:56744
Begin MonoManager ReloadAssembly
Registering precompiled unity dll's ...
Register platform support module: C:/Program Files/Unity/Hub/Editor/2020.3.10f1/Editor/Data/PlaybackEngines/WindowsStandaloneSupport/UnityEditor.WindowsStandalone.Extensions.dll
Registered in 0.010654 seconds.
Native extension for WindowsStandalone target not found
Refreshing native plugins compatible for Editor in 89.91 ms, found 2 plugins.
Preloading 0 native plugins for Editor in 0.00 ms.
Mono: successfully reloaded assembly
- Completed reload, in  4.265 seconds
Platform modules already initialized, skipping
Registering precompiled user dll's ...
Registered in 0.019287 seconds.
Begin MonoManager ReloadAssembly
Native extension for WindowsStandalone target not found
Refreshing native plugins compatible for Editor in 0.76 ms, found 2 plugins.
Preloading 0 native plugins for Editor in 0.00 ms.
Mono: successfully reloaded assembly
- Completed reload, in  3.268 seconds
Platform modules already initialized, skipping
========================================================================
Worker process is ready to serve import requests
Launched and connected shader compiler UnityShaderCompiler.exe after 0.16 seconds
Refreshing native plugins compatible for Editor in 0.79 ms, found 2 plugins.
Preloading 0 native plugins for Editor in 0.00 ms.
Unloading 1406 Unused Serialized files (Serialized files now loaded: 0)
System memory in use before: 66.8 MB.
System memory in use after: 66.9 MB.

Unloading 18 unused Assets to reduce memory usage. Loaded Objects now: 1841.
Total: 6.130300 ms (FindLiveObjects: 0.394200 ms CreateObjectMapping: 0.132200 ms MarkObjects: 5.408600 ms  DeleteObjects: 0.191800 ms)

========================================================================
Received Import Request.
  path: Assets/Scenes
  artifactKey: Guid(d753c19b8a49f6744a25bbe50b9b73f5) Importer(815301076,1909f56bfc062723c751e8b465ee728b)
Start importing Assets/Scenes using Guid(d753c19b8a49f6744a25bbe50b9b73f5) Importer(815301076,1909f56bfc062723c751e8b465ee728b)  -> (artifact id: '22466cdbb80f0cc4441b43806a81806b') in 0.028296 seconds
  Import took 0.036897 seconds .

========================================================================
Received Import Request.
  Time since last request: 0.000954 seconds.
  path: Assets/Scenes/GameScene.unity
  artifactKey: Guid(9fc0d4010bbf28b4594072e72b8655ab) Importer(815301076,1909f56bfc062723c751e8b465ee728b)
Start importing Assets/Scenes/GameScene.unity using Guid(9fc0d4010bbf28b4594072e72b8655ab) Importer(815301076,1909f56bfc062723c751e8b465ee728b)  -> (artifact id: '1d28653675643de25e9e5b2b3d9413cd') in 0.051057 seconds
  Import took 0.059226 seconds .

========================================================================
Received Import Request.
  Time since last request: 25.837066 seconds.
  path: Assets/Scenes/MenuScene.unity
  artifactKey: Guid(0cda675c3bffd8f408d93cf96acaee04) Importer(815301076,1909f56bfc062723c751e8b465ee728b)
Start importing Assets/Scenes/MenuScene.unity using Guid(0cda675c3bffd8f408d93cf96acaee04) Importer(815301076,1909f56bfc062723c751e8b465ee728b)  -> (artifact id: 'c5bc4c418cc24ac4f4292a2be8840c74') in 0.023593 seconds
  Import took 0.030276 seconds .

========================================================================
Received Prepare
Registering precompiled user dll's ...
Registered in 0.012384 seconds.
Begin MonoManager ReloadAssembly
Native extension for WindowsStandalone target not found
Refreshing native plugins compatible for Editor in 0.47 ms, found 2 plugins.
Preloading 0 native plugins for Editor in 0.00 ms.
Mono: successfully reloaded assembly
- Completed reload, in  2.569 seconds
Platform modules already initialized, skipping
Refreshing native plugins compatible for Editor in 0.83 ms, found 2 plugins.
Preloading 0 native plugins for Editor in 0.00 ms.
Unloading 1387 Unused Serialized files (Serialized files now loaded: 0)
System memory in use before: 65.4 MB.
System memory in use after: 65.5 MB.

Unloading 13 unused Assets to reduce memory usage. Loaded Objects now: 1844.
Total: 3.366500 ms (FindLiveObjects: 0.250800 ms CreateObjectMapping: 0.069500 ms MarkObjects: 2.977400 ms  DeleteObjects: 0.065700 ms)

========================================================================
Received Import Request.
  Time since last request: 198.910530 seconds.
  path: Assets/Scenes/MenuScene.unity
  artifactKey: Guid(0cda675c3bffd8f408d93cf96acaee04) Importer(815301076,1909f56bfc062723c751e8b465ee728b)
Start importing Assets/Scenes/MenuScene.unity using Guid(0cda675c3bffd8f408d93cf96acaee04) Importer(815301076,1909f56bfc062723c751e8b465ee728b)  -> (artifact id: '6da9310c66011dc9d30f4bb5eb62444b') in 0.046816 seconds
  Import took 0.055632 seconds .

========================================================================
Received Import Request.
  Time since last request: 0.006297 seconds.
  path: Assets/Scenes/MenuScene.unity
  artifactKey: Guid(0cda675c3bffd8f408d93cf96acaee04) Importer(815301076,1909f56bfc062723c751e8b465ee728b)
Start importing Assets/Scenes/MenuScene.unity using Guid(0cda675c3bffd8f408d93cf96acaee04) Importer(815301076,1909f56bfc062723c751e8b465ee728b)  -> (artifact id: '6da9310c66011dc9d30f4bb5eb62444b') in 0.015797 seconds
  Import took 0.026855 seconds .

========================================================================
Received Import Request.
  Time since last request: 121.735376 seconds.
  path: Assets/TextMesh Pro/Fonts/LiberationSans.ttf
  artifactKey: Guid(e3265ab4bf004d28a9537516768c1c75) Importer(815301076,1909f56bfc062723c751e8b465ee728b)
Start importing Assets/TextMesh Pro/Fonts/LiberationSans.ttf using Guid(e3265ab4bf004d28a9537516768c1c75) Importer(815301076,1909f56bfc062723c751e8b465ee728b)  -> (artifact id: 'cec1587b7129bde4b287cc77833a66ca') in 0.357473 seconds
  Import took 0.364056 seconds .

========================================================================
Received Import Request.
  Time since last request: 0.004944 seconds.
  path: Assets/TextMesh Pro/Fonts/LiberationSans.ttf
  artifactKey: Guid(e3265ab4bf004d28a9537516768c1c75) Importer(815301076,1909f56bfc062723c751e8b465ee728b)
Start importing Assets/TextMesh Pro/Fonts/LiberationSans.ttf using Guid(e3265ab4bf004d28a9537516768c1c75) Importer(815301076,1909f56bfc062723c751e8b465ee728b)  -> (artifact id: 'cec1587b7129bde4b287cc77833a66ca') in 0.023497 seconds
  Import took 0.027659 seconds .

========================================================================
Received Import Request.
  Time since last request: 33459.466817 seconds.
  path: Assets/Scripts
  artifactKey: Guid(99967a24afe7ae24d9f51f369284047a) Importer(815301076,1909f56bfc062723c751e8b465ee728b)
Start importing Assets/Scripts using Guid(99967a24afe7ae24d9f51f369284047a) Importer(815301076,1909f56bfc062723c751e8b465ee728b)  -> (artifact id: 'b77e50b2639888609283467afd0f88fe') in 0.015930 seconds
  Import took 0.021332 seconds .

========================================================================
Received Import Request.
  Time since last request: 14.625991 seconds.
  path: Assets/Scripts/SceneController.cs
  artifactKey: Guid(803895df9fe43a14ab0774b77f29b886) Importer(815301076,1909f56bfc062723c751e8b465ee728b)
Start importing Assets/Scripts/SceneController.cs using Guid(803895df9fe43a14ab0774b77f29b886) Importer(815301076,1909f56bfc062723c751e8b465ee728b)  -> (artifact id: '25a9a4f1a9abc747799fc580235e52ab') in 0.047638 seconds
  Import took 0.053246 seconds .

========================================================================
Received Import Request.
  Time since last request: 0.009060 seconds.
  path: Assets/Scripts/SceneController.cs
  artifactKey: Guid(803895df9fe43a14ab0774b77f29b886) Importer(815301076,1909f56bfc062723c751e8b465ee728b)
Start importing Assets/Scripts/SceneController.cs using Guid(803895df9fe43a14ab0774b77f29b886) Importer(815301076,1909f56bfc062723c751e8b465ee728b)  -> (artifact id: '25a9a4f1a9abc747799fc580235e52ab') in 0.006138 seconds
  Import took 0.011311 seconds .

========================================================================
Received Prepare
Registering precompiled user dll's ...
Registered in 0.016773 seconds.
Begin MonoManager ReloadAssembly
Native extension for WindowsStandalone target not found
Refreshing native plugins compatible for Editor in 0.79 ms, found 2 plugins.
Preloading 0 native plugins for Editor in 0.00 ms.
Mono: successfully reloaded assembly
- Completed reload, in  3.932 seconds
Platform modules already initialized, skipping
Refreshing native plugins compatible for Editor in 0.87 ms, found 2 plugins.
Preloading 0 native plugins for Editor in 0.00 ms.
Unloading 1388 Unused Serialized files (Serialized files now loaded: 0)
System memory in use before: 68.9 MB.
System memory in use after: 69.0 MB.

Unloading 13 unused Assets to reduce memory usage. Loaded Objects now: 1892.
Total: 4.880600 ms (FindLiveObjects: 0.275400 ms CreateObjectMapping: 0.111500 ms MarkObjects: 4.451800 ms  DeleteObjects: 0.039500 ms)

